<?xml version="1.0" encoding="UTF-8"?>
<testng-results ignored="0" total="3" passed="3" failed="0" skipped="0">
  <reporter-output>
  </reporter-output>
  <suite started-at="2022-09-05T12:23:03 IST" name="Default suite" finished-at="2022-09-05T12:23:24 IST" duration-ms="21116">
    <groups>
    </groups>
    <test started-at="2022-09-05T12:23:03 IST" name="Default test" finished-at="2022-09-05T12:23:24 IST" duration-ms="21116">
      <class name="com.telus.testcase.RegisterDemo">
        <test-method is-config="true" signature="launchApplication()[pri:0, instance:com.telus.testcase.RegisterDemo@4659191b]" started-at="2022-09-05T12:23:03 IST" name="launchApplication" finished-at="2022-09-05T12:23:12 IST" duration-ms="8615" status="PASS">
          <reporter-output>
          </reporter-output>
        </test-method> <!-- launchApplication -->
        <test-method signature="navigateToRegistrationForm()[pri:1, instance:com.telus.testcase.RegisterDemo@4659191b]" started-at="2022-09-05T12:23:12 IST" name="navigateToRegistrationForm" finished-at="2022-09-05T12:23:16 IST" duration-ms="3975" status="PASS">
          <reporter-output>
          </reporter-output>
        </test-method> <!-- navigateToRegistrationForm -->
        <test-method signature="registerUser()[pri:2, instance:com.telus.testcase.RegisterDemo@4659191b]" started-at="2022-09-05T12:23:16 IST" name="registerUser" finished-at="2022-09-05T12:23:23 IST" duration-ms="7634" status="PASS">
          <reporter-output>
          </reporter-output>
        </test-method> <!-- registerUser -->
        <test-method signature="validateSuccessfulMessage()[pri:3, instance:com.telus.testcase.RegisterDemo@4659191b]" started-at="2022-09-05T12:23:23 IST" name="validateSuccessfulMessage" finished-at="2022-09-05T12:23:23 IST" duration-ms="114" status="PASS">
          <reporter-output>
          </reporter-output>
        </test-method> <!-- validateSuccessfulMessage -->
        <test-method is-config="true" signature="closeApplication()[pri:0, instance:com.telus.testcase.RegisterDemo@4659191b]" started-at="2022-09-05T12:23:23 IST" name="closeApplication" finished-at="2022-09-05T12:23:24 IST" duration-ms="637" status="PASS">
          <reporter-output>
          </reporter-output>
        </test-method> <!-- closeApplication -->
      </class> <!-- com.telus.testcase.RegisterDemo -->
    </test> <!-- Default test -->
  </suite> <!-- Default suite -->
</testng-results>
