<?xml version="1.0" encoding="UTF-8"?>
<testng-results ignored="0" total="3" passed="3" failed="0" skipped="0">
  <reporter-output>
  </reporter-output>
  <suite started-at="2022-08-26T13:06:03 IST" name="Automation Suite" finished-at="2022-08-26T13:06:24 IST" duration-ms="20901">
    <groups>
    </groups>
    <test started-at="2022-08-26T13:06:03 IST" name="Register Demo Test" finished-at="2022-08-26T13:06:24 IST" duration-ms="20901">
      <class name="com.telus.testcase.RegisterDemo">
        <test-method is-config="true" signature="launchApplication()[pri:0, instance:com.telus.testcase.RegisterDemo@4659191b]" started-at="2022-08-26T13:06:03 IST" name="launchApplication" finished-at="2022-08-26T13:06:13 IST" duration-ms="9672" status="PASS">
          <reporter-output>
          </reporter-output>
        </test-method> <!-- launchApplication -->
        <test-method signature="navigateToRegistrationForm()[pri:1, instance:com.telus.testcase.RegisterDemo@4659191b]" started-at="2022-08-26T13:06:13 IST" name="navigateToRegistrationForm" finished-at="2022-08-26T13:06:16 IST" duration-ms="2965" status="PASS">
          <reporter-output>
          </reporter-output>
        </test-method> <!-- navigateToRegistrationForm -->
        <test-method signature="registerUser()[pri:2, instance:com.telus.testcase.RegisterDemo@4659191b]" started-at="2022-08-26T13:06:16 IST" name="registerUser" finished-at="2022-08-26T13:06:23 IST" duration-ms="7280" status="PASS">
          <reporter-output>
          </reporter-output>
        </test-method> <!-- registerUser -->
        <test-method signature="validateSuccessfulMessage()[pri:3, instance:com.telus.testcase.RegisterDemo@4659191b]" started-at="2022-08-26T13:06:23 IST" name="validateSuccessfulMessage" finished-at="2022-08-26T13:06:24 IST" duration-ms="93" status="PASS">
          <reporter-output>
          </reporter-output>
        </test-method> <!-- validateSuccessfulMessage -->
        <test-method is-config="true" signature="closeApplication()[pri:0, instance:com.telus.testcase.RegisterDemo@4659191b]" started-at="2022-08-26T13:06:24 IST" name="closeApplication" finished-at="2022-08-26T13:06:24 IST" duration-ms="720" status="PASS">
          <reporter-output>
          </reporter-output>
        </test-method> <!-- closeApplication -->
      </class> <!-- com.telus.testcase.RegisterDemo -->
    </test> <!-- Register Demo Test -->
  </suite> <!-- Automation Suite -->
</testng-results>
