<?xml version="1.0" encoding="UTF-8"?>
<!-- Generated by org.testng.reporters.JUnitXMLReporter -->
<testsuite ignored="0" hostname="DESKTOP-S0OQKKP" failures="0" tests="3" name="Default test" time="21.116" errors="0" timestamp="2022-09-05T12:23:24 IST">
  <testcase classname="com.telus.testcase.RegisterDemo" name="navigateToRegistrationForm" time="3.975"/>
  <testcase classname="com.telus.testcase.RegisterDemo" name="registerUser" time="7.634"/>
  <testcase classname="com.telus.testcase.RegisterDemo" name="validateSuccessfulMessage" time="0.114"/>
</testsuite> <!-- Default test -->
