<?xml version="1.0" encoding="UTF-8"?>
<!-- Generated by org.testng.reporters.JUnitXMLReporter -->
<testsuite ignored="0" hostname="DESKTOP-S0OQKKP" failures="0" tests="3" name="Default test" time="24.82" errors="0" timestamp="2022-09-11T17:45:17 IST">
  <testcase classname="com.test.testcase.RegisterDemo" name="navigateToRegistrationForm" time="5.451"/>
  <testcase classname="com.test.testcase.RegisterDemo" name="registerUser" time="7.116"/>
  <testcase classname="com.test.testcase.RegisterDemo" name="validateSuccessfulMessage" time="0.092"/>
</testsuite> <!-- Default test -->
