<?xml version="1.0" encoding="UTF-8"?>
<!-- Generated by org.testng.reporters.JUnitXMLReporter -->
<testsuite ignored="0" hostname="DESKTOP-S0OQKKP" failures="0" tests="3" name="Register Demo Test" time="20.901" errors="0" timestamp="2022-08-26T13:06:24 IST">
  <testcase classname="com.telus.testcase.RegisterDemo" name="navigateToRegistrationForm" time="2.965"/>
  <testcase classname="com.telus.testcase.RegisterDemo" name="registerUser" time="7.28"/>
  <testcase classname="com.telus.testcase.RegisterDemo" name="validateSuccessfulMessage" time="0.093"/>
</testsuite> <!-- Register Demo Test -->
